android/.build/outputs/logs/manifest-merger-debug-report.txt
-- Merging decision tree log ---
manifest
ADDED from AndroidManifest.xml:2:1
	package
		ADDED from AndroidManifest.xml:2:11
	android:versionName
		ADDED from AndroidManifest.xml:2:102
	android:versionCode
		ADDED from AndroidManifest.xml:2:128
		INJECTED from AndroidManifest.xml:0:0
		INJECTED from AndroidManifest.xml:0:0
	xmlns:android
		ADDED from AndroidManifest.xml:2:43
	android:installLocation
		ADDED from AndroidManifest.xml:2:152
application
ADDED from AndroidManifest.xml:3:5
	android:label
		ADDED from AndroidManifest.xml:3:112
	android:icon
		ADDED from AndroidManifest.xml:3:18
	android:name
		ADDED from AndroidManifest.xml:3:48
activity#com.ahmed.radios.NotificationClient
ADDED from AndroidManifest.xml:4:9
	android:screenOrientation
		ADDED from AndroidManifest.xml:4:237
	android:label
		ADDED from AndroidManifest.xml:4:208
	android:configChanges
		ADDED from AndroidManifest.xml:4:19
	android:name
		ADDED from AndroidManifest.xml:4:157
intent-filter#android.intent.action.MAIN+android.intent.category.LAUNCHER
ADDED from AndroidManifest.xml:5:13
action#android.intent.action.MAIN
ADDED from AndroidManifest.xml:6:17
	android:name
		ADDED from AndroidManifest.xml:6:25
category#android.intent.category.LAUNCHER
ADDED from AndroidManifest.xml:7:17
	android:name
		ADDED from AndroidManifest.xml:7:27
meta-data#android.app.lib_name
ADDED from AndroidManifest.xml:10:13
	android:value
		ADDED from AndroidManifest.xml:10:60
	android:name
		ADDED from AndroidManifest.xml:10:24
meta-data#android.app.qt_sources_resource_id
ADDED from AndroidManifest.xml:11:13
	android:resource
		ADDED from AndroidManifest.xml:11:74
	android:name
		ADDED from AndroidManifest.xml:11:24
meta-data#android.app.repository
ADDED from AndroidManifest.xml:12:13
	android:value
		ADDED from AndroidManifest.xml:12:62
	android:name
		ADDED from AndroidManifest.xml:12:24
meta-data#android.app.qt_libs_resource_id
ADDED from AndroidManifest.xml:13:13
	android:resource
		ADDED from AndroidManifest.xml:13:71
	android:name
		ADDED from AndroidManifest.xml:13:24
meta-data#android.app.bundled_libs_resource_id
ADDED from AndroidManifest.xml:14:13
	android:resource
		ADDED from AndroidManifest.xml:14:76
	android:name
		ADDED from AndroidManifest.xml:14:24
meta-data#android.app.bundle_local_qt_libs
ADDED from AndroidManifest.xml:16:13
	android:value
		ADDED from AndroidManifest.xml:16:72
	android:name
		ADDED from AndroidManifest.xml:16:24
meta-data#android.app.bundled_in_lib_resource_id
ADDED from AndroidManifest.xml:17:13
	android:resource
		ADDED from AndroidManifest.xml:17:78
	android:name
		ADDED from AndroidManifest.xml:17:24
meta-data#android.app.bundled_in_assets_resource_id
ADDED from AndroidManifest.xml:18:13
	android:resource
		ADDED from AndroidManifest.xml:18:81
	android:name
		ADDED from AndroidManifest.xml:18:24
meta-data#android.app.use_local_qt_libs
ADDED from AndroidManifest.xml:20:13
	android:value
		ADDED from AndroidManifest.xml:20:69
	android:name
		ADDED from AndroidManifest.xml:20:24
meta-data#android.app.libs_prefix
ADDED from AndroidManifest.xml:21:13
	android:value
		ADDED from AndroidManifest.xml:21:63
	android:name
		ADDED from AndroidManifest.xml:21:24
meta-data#android.app.load_local_libs
ADDED from AndroidManifest.xml:22:13
	android:value
		ADDED from AndroidManifest.xml:22:67
	android:name
		ADDED from AndroidManifest.xml:22:24
meta-data#android.app.load_local_jars
ADDED from AndroidManifest.xml:23:13
	android:value
		ADDED from AndroidManifest.xml:23:67
	android:name
		ADDED from AndroidManifest.xml:23:24
meta-data#android.app.static_init_classes
ADDED from AndroidManifest.xml:24:13
	android:value
		ADDED from AndroidManifest.xml:24:71
	android:name
		ADDED from AndroidManifest.xml:24:24
meta-data#android.app.background_running
ADDED from AndroidManifest.xml:25:13
	android:value
		ADDED from AndroidManifest.xml:25:70
	android:name
		ADDED from AndroidManifest.xml:25:24
meta-data#android.app.ministro_not_found_msg
ADDED from AndroidManifest.xml:28:13
	android:value
		ADDED from AndroidManifest.xml:28:24
	android:name
		ADDED from AndroidManifest.xml:28:71
meta-data#android.app.ministro_needed_msg
ADDED from AndroidManifest.xml:29:13
	android:value
		ADDED from AndroidManifest.xml:29:24
	android:name
		ADDED from AndroidManifest.xml:29:68
meta-data#android.app.fatal_error_msg
ADDED from AndroidManifest.xml:30:13
	android:value
		ADDED from AndroidManifest.xml:30:24
	android:name
		ADDED from AndroidManifest.xml:30:64
meta-data#android.app.splash_screen_drawable
ADDED from AndroidManifest.xml:34:13
	android:resource
		ADDED from AndroidManifest.xml:34:74
	android:name
		ADDED from AndroidManifest.xml:34:24
uses-sdk
ADDED from AndroidManifest.xml:39:5
	android:minSdkVersion
		ADDED from AndroidManifest.xml:39:15
supports-screens
ADDED from AndroidManifest.xml:40:5
	android:largeScreens
		ADDED from AndroidManifest.xml:40:23
	android:smallScreens
		ADDED from AndroidManifest.xml:40:106
	android:normalScreens
		ADDED from AndroidManifest.xml:40:51
	android:anyDensity
		ADDED from AndroidManifest.xml:40:80
uses-permission#android.permission.INTERNET
ADDED from AndroidManifest.xml:42:5
	android:name
		ADDED from AndroidManifest.xml:42:22
uses-permission#android.permission.WRITE_EXTERNAL_STORAGE
ADDED from AndroidManifest.xml:43:5
	android:name
		ADDED from AndroidManifest.xml:43:22